<?xml version="1.0" encoding="UTF-8" ?>
<testsuite tests="18" failures="0" name="com.apothuaud.automation.bdd.TestRunner" time="39.388" errors="0" skipped="0">
  <properties>
    <property name="java.runtime.name" value="Java(TM) SE Runtime Environment"/>
    <property name="java.vm.version" value="13+33"/>
    <property name="sun.boot.library.path" value="/Library/Java/JavaVirtualMachines/jdk-13.jdk/Contents/Home/lib"/>
    <property name="maven.multiModuleProjectDirectory" value="/Users/admin/Documents/GitHub/esensautomation/bddcore"/>
    <property name="java.vm.vendor" value="Oracle Corporation"/>
    <property name="java.vendor.url" value="https://java.oracle.com/"/>
    <property name="guice.disable.misplaced.annotation.check" value="true"/>
    <property name="path.separator" value=":"/>
    <property name="java.vm.name" value="Java HotSpot(TM) 64-Bit Server VM"/>
    <property name="user.country" value="FR"/>
    <property name="sun.java.launcher" value="SUN_STANDARD"/>
    <property name="java.vm.specification.name" value="Java Virtual Machine Specification"/>
    <property name="user.dir" value="/Users/admin/Documents/GitHub/esensautomation/bddcore"/>
    <property name="java.vm.compressedOopsMode" value="Zero based"/>
    <property name="java.runtime.version" value="13+33"/>
    <property name="os.arch" value="x86_64"/>
    <property name="java.io.tmpdir" value="/var/folders/zs/33t48hp9097dc_5t_4svwp400000gn/T/"/>
    <property name="line.separator" value="
"/>
    <property name="java.vm.specification.vendor" value="Oracle Corporation"/>
    <property name="os.name" value="Mac OS X"/>
    <property name="classworlds.conf" value="/usr/local/Cellar/maven/3.6.0/libexec/bin/m2.conf"/>
    <property name="sun.jnu.encoding" value="UTF-8"/>
    <property name="java.library.path" value="/Users/admin/Library/Java/Extensions:/Library/Java/Extensions:/Network/Library/Java/Extensions:/System/Library/Java/Extensions:/usr/lib/java:."/>
    <property name="maven.conf" value="/usr/local/Cellar/maven/3.6.0/libexec/conf"/>
    <property name="jdk.debug" value="release"/>
    <property name="java.class.version" value="57.0"/>
    <property name="java.specification.name" value="Java Platform API Specification"/>
    <property name="sun.management.compiler" value="HotSpot 64-Bit Tiered Compilers"/>
    <property name="os.version" value="10.14.5"/>
    <property name="library.jansi.path" value="/usr/local/Cellar/maven/3.6.0/libexec/lib/jansi-native"/>
    <property name="http.nonProxyHosts" value="local|*.local|169.254/16|*.169.254/16"/>
    <property name="user.home" value="/Users/admin"/>
    <property name="user.timezone" value="Europe/Paris"/>
    <property name="file.encoding" value="UTF-8"/>
    <property name="java.specification.version" value="13"/>
    <property name="user.name" value="admin"/>
    <property name="java.class.path" value="/usr/local/Cellar/maven/3.6.0/libexec/boot/plexus-classworlds-2.5.2.jar"/>
    <property name="java.vm.specification.version" value="13"/>
    <property name="sun.arch.data.model" value="64"/>
    <property name="sun.java.command" value="org.codehaus.plexus.classworlds.launcher.Launcher deploy"/>
    <property name="java.home" value="/Library/Java/JavaVirtualMachines/jdk-13.jdk/Contents/Home"/>
    <property name="user.language" value="fr"/>
    <property name="java.specification.vendor" value="Oracle Corporation"/>
    <property name="java.vm.info" value="mixed mode, sharing"/>
    <property name="java.version" value="13"/>
    <property name="java.vendor" value="Oracle Corporation"/>
    <property name="maven.home" value="/usr/local/Cellar/maven/3.6.0/libexec"/>
    <property name="file.separator" value="/"/>
    <property name="java.version.date" value="2019-09-17"/>
    <property name="java.vendor.url.bug" value="https://bugreport.java.com/bugreport/"/>
    <property name="sun.io.unicode.encoding" value="UnicodeBig"/>
    <property name="sun.cpu.endian" value="little"/>
    <property name="socksNonProxyHosts" value="local|*.local|169.254/16|*.169.254/16"/>
    <property name="ftp.nonProxyHosts" value="local|*.local|169.254/16|*.169.254/16"/>
  </properties>
  <testcase classname="[CuraHealthcare] Authentication" name="Nominal Case" time="7.44"/>
  <testcase classname="[Jsonplaceholder][Albums] Create an Album" name="Create an album - v1" time="2.562"/>
  <testcase classname="[Jsonplaceholder][Albums] Create an Album" name="Create an album - v2" time="0.353"/>
  <testcase classname="[Jsonplaceholder][Albums] Create an Album" name="Create an album - v3" time="0.557"/>
  <testcase classname="[Jsonplaceholder][Albums] Delete an Album" name="Delete an album - v1" time="0.315"/>
  <testcase classname="[Jsonplaceholder][Albums] Delete an Album" name="Delete an album - v2" time="0.283"/>
  <testcase classname="[Jsonplaceholder][Albums] Read an Album" name="Read an album - v1" time="0.135"/>
  <testcase classname="[Jsonplaceholder][Albums] Read an Album" name="Read an album - v2" time="0.097"/>
  <testcase classname="[Jsonplaceholder][Albums] Read Albums List" name="Read albums" time="0.2"/>
  <testcase classname="[Jsonplaceholder][Albums] Update an Album" name="Update an album" time="0.481"/>
  <testcase classname="[Spotify][Playlists] Create a Playlist" name="Nominal Case" time="5.663"/>
  <testcase classname="[Spotify][Playlists] Create a Playlist" name="Error Case - no auth token" time="0.115"/>
  <testcase classname="[Spotify][Playlists] CRUD" name="Nominal Case" time="6.392"/>
  <testcase classname="[Spotify][Playlists] Read a Playlist" name="Nominal Case" time="5.285"/>
  <testcase classname="[Spotify][Playlists] Read a Playlist" name="Error Case - no auth token" time="0.107"/>
  <testcase classname="[Spotify][Playlists] Update a Playlist" name="Nominal Case" time="5.228"/>
  <testcase classname="[Spotify][Playlists] Update a Playlist" name="Error Case - no auth token" time="0.091"/>
  <testcase classname="[TheInternet] Form Authentication" name="Nominal Case" time="4.084"/>
</testsuite>